<?xml version="1.0" encoding="UTF-8"?>
<!-- Generated by org.testng.reporters.JUnitReportReporter -->
<testsuite hostname="DESKTOP-13EV4P4" failures="0" tests="3" name="second_task.signupAndLogin" time="22.656" errors="0" timestamp="2023-12-04T18:20:23 EET" skipped="0">
  <testcase classname="second_task.signupAndLogin" name="SignUpTest" time="6.247"/>
  <system-out/>
  <testcase classname="second_task.signupAndLogin" name="LogoutTest" time="11.147"/>
  <system-out/>
  <testcase classname="second_task.signupAndLogin" name="LoginTest" time="5.262"/>
  <system-out/>
</testsuite> <!-- second_task.signupAndLogin -->
